<?xml version="1.0" encoding="UTF-8"?>
<!-- Generated by org.testng.reporters.JUnitXMLReporter -->
<testsuite ignored="0" hostname="THAMU" failures="0" tests="7" name="Test" time="170.419" errors="0" timestamp="2024-12-20T16:39:54 IST">
  <testcase classname="Tests.HealthPageTest" name="HealthTest" time="16.676"/>
  <testcase classname="Tests.BreakingNewsPageTest" name="BreakingNewsTest" time="6.124"/>
  <testcase classname="Tests.AboutUsPageTest" name="AboutUsTest" time="6.442"/>
  <testcase classname="Tests.HomePageTest" name="HomeTest" time="5.33"/>
  <testcase classname="Tests.TechPageTest" name="TechTest" time="5.975"/>
  <testcase classname="Tests.OurHistoryPageTest" name="OurHistoryTest" time="6.858"/>
  <testcase classname="Tests.EcommerceNewsPageTest" name="EcommerceNewsTest" time="8.743"/>
</testsuite> <!-- Test -->
