<?xml version="1.0" encoding="UTF-8"?>
<!-- Generated by org.testng.reporters.JUnitXMLReporter -->
<testsuite ignored="0" hostname="THAMU" failures="0" tests="7" name="PageObjectModel" time="134.054" errors="0" timestamp="2025-01-30T14:25:18 IST">
  <testcase classname="Tests.HomePageTest" name="HomeTest" time="13.08"/>
  <testcase classname="Tests.AboutUsPageTest" name="AboutUsTest" time="5.822"/>
  <testcase classname="Tests.OurHistoryPageTest" name="OurHistoryTest" time="5.576"/>
  <testcase classname="Tests.BreakingNewsPageTest" name="BreakingNewsTest" time="6.211"/>
  <testcase classname="Tests.EcommerceNewsPageTest" name="EcommerceNewsTest" time="9.989"/>
  <testcase classname="Tests.HealthPageTest" name="HealthTest" time="7.388"/>
  <testcase classname="Tests.TechPageTest" name="TechTest" time="5.582"/>
</testsuite> <!-- PageObjectModel -->
