<?xml version="1.0" encoding="UTF-8"?>
<!-- Generated by org.testng.reporters.JUnitXMLReporter -->
<testsuite ignored="0" hostname="THAMU" failures="0" tests="3" name="HomePage Test" time="69.492" errors="0" timestamp="2024-07-04T17:02:01 IST">
  <testcase classname="Pages.HomePage" name="AskMeOfferLinkTest" time="0.977"/>
  <testcase classname="Pages.HomePage" name="SearchBarTest" time="14.878"/>
  <testcase classname="Pages.HomePage" name="CarouselDisplayTest" time="0.589"/>
</testsuite> <!-- HomePage Test -->
