<?xml version="1.0" encoding="UTF-8"?>
<!-- Generated by org.testng.reporters.JUnitXMLReporter -->
<testsuite ignored="2" hostname="THAMU" failures="0" tests="1" name="SearchBarTest" time="46.13" errors="0" timestamp="2024-05-13T03:59:19 IST">
  <testcase classname="Pages.HomePage" name="SearchBarTest" time="21.922"/>
  <testcase classname="Pages.HomePage" name="AskMeOfferLinkTest" time="0.0">
    <ignored/>
  </testcase> <!-- AskMeOfferLinkTest -->
  <testcase classname="Pages.HomePage" name="CarouselDisplay" time="0.0">
    <ignored/>
  </testcase> <!-- CarouselDisplay -->
</testsuite> <!-- SearchBarTest -->
