<?xml version="1.0" encoding="UTF-8"?>
<!-- Generated by org.testng.reporters.JUnitXMLReporter -->
<testsuite ignored="2" hostname="THAMU" failures="0" tests="1" name="SearchBar Test" time="102.504" errors="0" timestamp="2024-05-13T02:21:07 IST">
  <testcase classname="Pages.HomePage" name="SearchBarTest" time="13.153"/>
  <testcase classname="Pages.HomePage" name="AskMeOfferLinkTest" time="0.0">
    <ignored/>
  </testcase> <!-- AskMeOfferLinkTest -->
  <testcase classname="Pages.HomePage" name="CarouselDisplay" time="0.0">
    <ignored/>
  </testcase> <!-- CarouselDisplay -->
</testsuite> <!-- SearchBar Test -->
