<?xml version="1.0" encoding="UTF-8"?>
<!-- Generated by org.testng.reporters.JUnitXMLReporter -->
<testsuite ignored="0" hostname="THAMU" failures="0" tests="2" name="Test" time="35.556" errors="0" timestamp="2024-04-26T10:28:51 IST">
  <testcase classname="BaseTest.BaseTest" name="@BeforeTest Init_driver" time="35.237">
    <failure type="java.lang.NullPointerException" message="Cannot invoke &amp;quot;String.replaceAll(String, String)&amp;quot; because &amp;quot;x&amp;quot; is null">
      <![CDATA[java.lang.NullPointerException: Cannot invoke "String.replaceAll(String, String)" because "x" is null
at com.aventstack.extentreports.ExtentTest.lambda$assignAuthor$1(ExtentTest.java:1041)
at java.base/java.util.Spliterators$ArraySpliterator.forEachRemaining(Spliterators.java:992)
at java.base/java.util.stream.ReferencePipeline$Head.forEach(ReferencePipeline.java:762)
at com.aventstack.extentreports.ExtentTest.assignAuthor(ExtentTest.java:1040)
at BaseTest.BaseTest.Init_driver(BaseTest.java:77)
... Removed 22 stack frames]]>
    </failure>
  </testcase> <!-- @BeforeTest Init_driver -->
  <testcase classname="BaseTest.BaseTest" name="@AfterMethod CheckStatus" time="-1.71410753086E9">
    <skipped/>
  </testcase> <!-- @AfterMethod CheckStatus -->
  <testcase classname="BaseTest.BaseTest" name="@AfterMethod CheckStatus" time="-1.714107530877E9">
    <skipped/>
  </testcase> <!-- @AfterMethod CheckStatus -->
  <testcase classname="BaseTest.BaseTest" name="@AfterTest teardown" time="-1.71410753088E9">
    <skipped/>
  </testcase> <!-- @AfterTest teardown -->
  <testcase classname="Pages.HomePage" name="AskMeOfferLinkTest" time="0.0">
    <skipped/>
  </testcase> <!-- AskMeOfferLinkTest -->
  <testcase classname="Pages.HomePage" name="SearchBarTest" time="0.0">
    <skipped/>
  </testcase> <!-- SearchBarTest -->
</testsuite> <!-- Test -->
