<?xml version="1.0" encoding="UTF-8"?>
<!-- Generated by org.testng.reporters.JUnitXMLReporter -->
<testsuite ignored="9" hostname="THAMU" failures="0" tests="1" name="SearchBarTest" time="25.567" errors="0" timestamp="2025-04-08T00:11:54 IST">
  <testcase classname="Pages.HomePage" name="SearchBarTest" time="12.488"/>
  <testcase classname="Pages.HomePage" name="AskMeOfferLinkTest" time="0.0">
    <ignored/>
  </testcase> <!-- AskMeOfferLinkTest -->
  <testcase classname="Pages.HomePage" name="SocialNavigationLinkTest" time="0.0">
    <ignored/>
  </testcase> <!-- SocialNavigationLinkTest -->
  <testcase classname="Pages.HomePage" name="CarouselDisplayTest" time="0.0">
    <ignored/>
  </testcase> <!-- CarouselDisplayTest -->
  <testcase classname="Pages.HomePage" name="PromocodeframeTest" time="0.0">
    <ignored/>
  </testcase> <!-- PromocodeframeTest -->
  <testcase classname="Pages.HomePage" name="FlexCliplinkTest" time="0.0">
    <ignored/>
  </testcase> <!-- FlexCliplinkTest -->
  <testcase classname="Pages.HomePage" name="SearchResultPageTest" time="0.0">
    <ignored/>
  </testcase> <!-- SearchResultPageTest -->
  <testcase classname="Pages.HomePage" name="TopDealsTest" time="0.0">
    <ignored/>
  </testcase> <!-- TopDealsTest -->
  <testcase classname="Pages.HomePage" name="CouponslinkTest" time="0.0">
    <ignored/>
  </testcase> <!-- CouponslinkTest -->
  <testcase classname="Pages.HomePage" name="WebTableTest" time="0.0">
    <ignored/>
  </testcase> <!-- WebTableTest -->
</testsuite> <!-- SearchBarTest -->
